0 info it worked if it ends with ok
1 verbose cli [ '/usr/local/Cellar/node/0.8.18/bin/node',
1 verbose cli   '/usr/local/bin/npm',
1 verbose cli   'publish' ]
2 info using npm@1.2.2
3 info using node@v0.8.18
4 verbose publish [ '.' ]
5 verbose read json /Users/andyp/Development/github/hubot-cf/package.json
6 error Failed to parse json
6 error Unexpected token '
7 error File: /Users/andyp/Development/github/hubot-cf/package.json
8 error Failed to parse package.json data.
8 error package.json must be actual JSON, not just JavaScript.
8 error
8 error This is not a bug in npm.
8 error Tell the package author to fix their package.json file. JSON.parse
9 error System Darwin 12.2.0
10 error command "/usr/local/Cellar/node/0.8.18/bin/node" "/usr/local/bin/npm" "publish"
11 error cwd /Users/andyp/Development/github/hubot-cf
12 error node -v v0.8.18
13 error npm -v 1.2.2
14 error file /Users/andyp/Development/github/hubot-cf/package.json
15 error code EJSONPARSE
16 verbose exit [ 1, true ]
